2026-02-21T01:22:54.573Z [console][warn] [Fast Refresh] rebuilding
2026-02-21T01:22:54.651Z [console][warn] [Fast Refresh] done in 78ms
2026-02-21T01:23:03.062Z [console][warn] [Fast Refresh] rebuilding
2026-02-21T01:23:03.105Z [console][warn] [Fast Refresh] done in 43ms
2026-02-21T01:22:03.156Z [console][log] [Fast Refresh] rebuilding
2026-02-21T01:22:03.375Z [console][log] [Fast Refresh] done in 220ms
2026-02-21T01:22:03.388Z [console][debug] __ORCHIDS_NAVIGATE__ http://localhost:3000/
2026-02-21T01:22:03.580Z [console][log] [Fast Refresh] rebuilding
2026-02-21T01:22:03.701Z [console][log] [Fast Refresh] done in 121ms
2026-02-21T01:22:03.713Z [console][debug] __ORCHIDS_NAVIGATE__ http://localhost:3000/
2026-02-21T01:22:24.641Z [console][log] [Fast Refresh] rebuilding
2026-02-21T01:22:24.763Z [console][warn] [Fast Refresh] performing full reload

Fast Refresh will perform a full reload when you edit a file that's imported by modules outside of the React rendering tree.
You might have a file which exports a React component but also exports a value that is imported by a non-React component file.
Consider migrating the non-React component export to a separate file and importing it into both files.

It is also possible the parent component of the component you edited is a class component, which disables Fast Refresh.
Fast Refresh requires at least one parent function component in your React tree.
2026-02-21T01:22:25.577Z [console][log] [Fast Refresh] rebuilding
2026-02-21T01:22:25.650Z [console][log] [Fast Refresh] done in 73ms
2026-02-21T01:22:54.144Z [console][log] [Fast Refresh] rebuilding
2026-02-21T01:22:54.464Z [console][log] [Fast Refresh] done in 320ms
2026-02-21T01:22:54.573Z [console][log] [Fast Refresh] rebuilding
2026-02-21T01:22:54.651Z [console][log] [Fast Refresh] done in 78ms
2026-02-21T01:23:03.062Z [console][log] [Fast Refresh] rebuilding
2026-02-21T01:23:03.105Z [console][log] [Fast Refresh] done in 43ms
2026-02-21T01:22:03.322Z [network][GET 200] /_next/static/webpack/7c619c9c40f5f339.webpack.hot-update.json
  response: {"c":["app/layout","webpack"],"r":[],"m":[]}
2026-02-21T01:22:03.383Z [network][GET 200] 
  response: 2:I["(app-pages-browser)/./node_modules/next/dist/next-devtools/userspace/app/segment-explorer-node.js",["app-pages-internals","static/chunks/app-pages-internals.js"],"SegmentViewNode"]
4:"$Sreact.fragment"
17:I["(app-pages-browser)/./src/lib/store.tsx",["app/layout","static/chunks/app/layout.js"],"StoreProvider"]
19:I["(app-pages-browser)/./node_modules/next/dist/client/components/layout-router.js",["app-pages-internals","static/chunks/app-pages-internals.js"],""]
1b:I["(app-pages-browser)/./node_modules/next/dist/client/components/render-from-template-context.js",["app-pages-internals","static/chunks/app-pages-internals.js"],""]
2c:I["(app-pages-browser)/./node_modules/next/dist/client/components/client-page.js",["app-pages-internals","static/chunks/app-pages-internals.js"],"ClientPageRoot"]
2d:I["(app-pages-browser)/./src/app/page.tsx",["app/page","static/chunks/app/page.js"],"default"]
2f:I["(app-pages-browser)/./node_modules/next/dist/lib/framework/boundary-components.js",["app-pages-internals","static/chunks/app-pages-internals.js"],"OutletBoundary"]
36:I["(app-pages-browser)/./node_modules/next/dist/client/components/metadata/async-metadata.js",["app-pages-internals","static/chunks/app-pages-internals.js"],"AsyncMetadataOutlet"]
3e:I["(app-pages-browser)/./node_modules/next/dist/lib/framework/boundary-components.js",["app-pages-internals","static/chunks/app-pages-internals.js"],"ViewportBoundary"]
44:I["(app-pages-browser)/./node_modules/next/dist/lib/framework/boundary-components.js",["app-pages-internals","static/chunks/app-pages-internals.js"],"MetadataBoundary"]
49:"$Sreact.suspense"
:N1771636923363.2795
1:[]
3:[]
5:[["Array.map","",0,0,0,0,false]]
8:I["(app-pages-browser)/./node_modules/next/dist/client/components/layout-router.js",["app-pages-internals","static/chunks/app-pages-internals.js"],""]
b:I["(app-pages-browser)/./node_modules/next/dist/client/components/render-from-template-context.js",["app-pages-internals","static/chunks/app-pages-internals.... [truncated]
2026-02-21T01:22:03.663Z [network][GET 200] /_next/static/webpack/6dd131d51a76790c.webpack.hot-update.json
  response: {"c":["app/layout","webpack"],"r":["app/_not-found/page"],"m":["(app-pages-browser)/./node_modules/next/dist/build/webpack/loaders/next-client-pages-loader.js?absolutePagePath=%2FUsers%2Fneevgupta%2Forchids-projects%2Fweather%2Fnode_modules%2Fnext%2Fdist%2Fclient%2Fcomponents%2Fbuiltin%2Fglobal-not-found.js&page=%2F_not-found%2Fpage!","(app-pages-browser)/./node_modules/next/dist/client/components/builtin/global-not-found.js","(app-pages-browser)/./node_modules/next/dist/client/components/http-access-fallback/error-fallback.js","(app-pages-browser)/./node_modules/next/dist/client/components/styles/access-error-styles.js"]}
2026-02-21T01:22:03.707Z [network][GET 200] 
  response: 2:I["(app-pages-browser)/./node_modules/next/dist/next-devtools/userspace/app/segment-explorer-node.js",["app-pages-internals","static/chunks/app-pages-internals.js"],"SegmentViewNode"]
4:"$Sreact.fragment"
17:I["(app-pages-browser)/./src/lib/store.tsx",["app/layout","static/chunks/app/layout.js"],"StoreProvider"]
19:I["(app-pages-browser)/./node_modules/next/dist/client/components/layout-router.js",["app-pages-internals","static/chunks/app-pages-internals.js"],""]
1b:I["(app-pages-browser)/./node_modules/next/dist/client/components/render-from-template-context.js",["app-pages-internals","static/chunks/app-pages-internals.js"],""]
2c:I["(app-pages-browser)/./node_modules/next/dist/client/components/client-page.js",["app-pages-internals","static/chunks/app-pages-internals.js"],"ClientPageRoot"]
2d:I["(app-pages-browser)/./src/app/page.tsx",["app/page","static/chunks/app/page.js"],"default"]
2f:I["(app-pages-browser)/./node_modules/next/dist/lib/framework/boundary-components.js",["app-pages-internals","static/chunks/app-pages-internals.js"],"OutletBoundary"]
36:I["(app-pages-browser)/./node_modules/next/dist/client/components/metadata/async-metadata.js",["app-pages-internals","static/chunks/app-pages-internals.js"],"AsyncMetadataOutlet"]
3e:I["(app-pages-browser)/./node_modules/next/dist/lib/framework/boundary-components.js",["app-pages-internals","static/chunks/app-pages-internals.js"],"ViewportBoundary"]
44:I["(app-pages-browser)/./node_modules/next/dist/lib/framework/boundary-components.js",["app-pages-internals","static/chunks/app-pages-internals.js"],"MetadataBoundary"]
49:"$Sreact.suspense"
:N1771636923692.32
1:[]
3:[]
5:[["Array.map","",0,0,0,0,false]]
8:I["(app-pages-browser)/./node_modules/next/dist/client/components/layout-router.js",["app-pages-internals","static/chunks/app-pages-internals.js"],""]
b:I["(app-pages-browser)/./node_modules/next/dist/client/components/render-from-template-context.js",["app-pages-internals","static/chunks/app-pages-internals.js... [truncated]
2026-02-21T01:22:24.737Z [network][GET 200] /_next/static/webpack/24bd4b81772dcb2d.webpack.hot-update.json
  response: {"c":["app/layout","app/page","webpack"],"r":[],"m":[]}
2026-02-21T01:22:24.764Z [network][GET 200] 
  response: 2:I["(app-pages-browser)/./node_modules/next/dist/next-devtools/userspace/app/segment-explorer-node.js",["app-pages-internals","static/chunks/app-pages-internals.js"],"SegmentViewNode"]
4:"$Sreact.fragment"
17:I["(app-pages-browser)/./src/lib/store.tsx",["app/layout","static/chunks/app/layout.js"],"StoreProvider"]
19:I["(app-pages-browser)/./node_modules/next/dist/client/components/layout-router.js",["app-pages-internals","static/chunks/app-pages-internals.js"],""]
1b:I["(app-pages-browser)/./node_modules/next/dist/client/components/render-from-template-context.js",["app-pages-internals","static/chunks/app-pages-internals.js"],""]
2c:I["(app-pages-browser)/./node_modules/next/dist/client/components/client-page.js",["app-pages-internals","static/chunks/app-pages-internals.js"],"ClientPageRoot"]
2d:I["(app-pages-browser)/./src/app/page.tsx",["app/page","static/chunks/app/page.js"],"default"]
2f:I["(app-pages-browser)/./node_modules/next/dist/lib/framework/boundary-components.js",["app-pages-internals","static/chunks/app-pages-internals.js"],"OutletBoundary"]
36:I["(app-pages-browser)/./node_modules/next/dist/client/components/metadata/async-metadata.js",["app-pages-internals","static/chunks/app-pages-internals.js"],"AsyncMetadataOutlet"]
3e:I["(app-pages-browser)/./node_modules/next/dist/lib/framework/boundary-components.js",["app-pages-internals","static/chunks/app-pages-internals.js"],"ViewportBoundary"]
44:I["(app-pages-browser)/./node_modules/next/dist/lib/framework/boundary-components.js",["app-pages-internals","static/chunks/app-pages-internals.js"],"MetadataBoundary"]
49:"$Sreact.suspense"
:N1771636944753.0454
1:[]
3:[]
5:[["Array.map","",0,0,0,0,false]]
8:I["(app-pages-browser)/./node_modules/next/dist/client/components/layout-router.js",["app-pages-internals","static/chunks/app-pages-internals.js"],""]
b:I["(app-pages-browser)/./node_modules/next/dist/client/components/render-from-template-context.js",["app-pages-internals","static/chunks/app-pages-internals.... [truncated]
2026-02-21T01:31:24.236Z [console][log] [Fast Refresh] rebuilding
2026-02-21T01:31:24.313Z [console][log] [Fast Refresh] done in 77ms
2026-02-21T01:31:24.663Z [console][log] [Fast Refresh] rebuilding
2026-02-21T01:31:24.738Z [console][log] [Fast Refresh] done in 75ms
2026-02-21T01:31:41.935Z [console][log] [Fast Refresh] rebuilding
2026-02-21T01:31:42.046Z [console][log] [Fast Refresh] done in 111ms
2026-02-21T01:31:42.357Z [console][log] [Fast Refresh] rebuilding
2026-02-21T01:31:42.427Z [console][log] [Fast Refresh] done in 70ms
2026-02-21T01:32:18.519Z [console][log] [Fast Refresh] rebuilding
2026-02-21T01:32:18.625Z [console][log] [Fast Refresh] done in 106ms
2026-02-21T01:32:19.007Z [console][log] [Fast Refresh] rebuilding
2026-02-21T01:32:19.089Z [console][log] [Fast Refresh] done in 82ms
2026-02-21T01:32:39.070Z [console][log] [Fast Refresh] rebuilding
2026-02-21T01:32:39.162Z [console][log] [Fast Refresh] done in 93ms
2026-02-21T01:32:39.450Z [console][log] [Fast Refresh] rebuilding
2026-02-21T01:32:39.518Z [console][log] [Fast Refresh] done in 68ms
2026-02-21T01:33:07.438Z [console][log] [Fast Refresh] rebuilding
2026-02-21T01:33:07.566Z [console][log] [Fast Refresh] done in 128ms
2026-02-21T01:33:07.860Z [console][log] [Fast Refresh] rebuilding
2026-02-21T01:33:07.935Z [console][log] [Fast Refresh] done in 75ms
2026-02-21T01:33:55.381Z [console][log] [Fast Refresh] rebuilding
2026-02-21T01:33:55.529Z [console][log] [Fast Refresh] done in 149ms
2026-02-21T01:33:56.612Z [console][log] [Fast Refresh] rebuilding
2026-02-21T01:33:56.735Z [console][log] [Fast Refresh] done in 123ms
2026-02-21T01:34:09.226Z [console][log] [Fast Refresh] rebuilding
2026-02-21T01:34:09.315Z [console][log] [Fast Refresh] done in 89ms
2026-02-21T01:34:10.583Z [console][log] [Fast Refresh] rebuilding
2026-02-21T01:34:10.806Z [console][log] [Fast Refresh] done in 223ms
2026-02-21T01:34:18.435Z [console][log] [Fast Refresh] rebuilding
2026-02-21T01:34:18.537Z [console][log] [Fast Refresh] done in 103ms
2026-02-21T01:34:19.618Z [console][log] [Fast Refresh] rebuilding
2026-02-21T01:34:19.762Z [console][log] [Fast Refresh] done in 145ms
2026-02-21T01:34:33.329Z [console][log] [Fast Refresh] rebuilding
2026-02-21T01:34:33.419Z [console][log] [Fast Refresh] done in 91ms
2026-02-21T01:34:34.616Z [console][log] [Fast Refresh] rebuilding
2026-02-21T01:34:34.693Z [console][log] [Fast Refresh] done in 77ms
2026-02-21T01:35:01.183Z [console][log] [Fast Refresh] rebuilding
2026-02-21T01:35:01.282Z [console][log] [Fast Refresh] done in 99ms
2026-02-21T01:35:01.636Z [console][log] [Fast Refresh] rebuilding
2026-02-21T01:35:01.716Z [console][log] [Fast Refresh] done in 80ms
2026-02-21T01:35:14.065Z [console][log] [Fast Refresh] rebuilding
2026-02-21T01:35:14.135Z [console][log] [Fast Refresh] done in 70ms
2026-02-21T01:35:14.483Z [console][log] [Fast Refresh] rebuilding
2026-02-21T01:35:14.555Z [console][log] [Fast Refresh] done in 72ms
2026-02-21T01:36:01.595Z [console][log] [Fast Refresh] rebuilding
2026-02-21T01:36:01.699Z [console][log] [Fast Refresh] done in 104ms
2026-02-21T01:36:02.055Z [console][log] [Fast Refresh] rebuilding
2026-02-21T01:36:02.148Z [console][log] [Fast Refresh] done in 94ms
2026-02-21T01:36:44.932Z [console][log] [Fast Refresh] rebuilding
2026-02-21T01:36:44.973Z [console][log] [Fast Refresh] done in 41ms
2026-02-21T01:27:30.134Z [network][GET 200] /_next/static/webpack/6ee4b79b77d6441c.webpack.hot-update.json
  response: {"c":["app/layout","app/page","webpack"],"r":[],"m":[]}
2026-02-21T01:27:30.191Z [network][GET 200] 
  response: 2:I["(app-pages-browser)/./node_modules/next/dist/next-devtools/userspace/app/segment-explorer-node.js",["app-pages-internals","static/chunks/app-pages-internals.js"],"SegmentViewNode"]
4:"$Sreact.fragment"
17:I["(app-pages-browser)/./src/lib/store.tsx",["app/layout","static/chunks/app/layout.js"],"StoreProvider"]
19:I["(app-pages-browser)/./node_modules/next/dist/client/components/layout-router.js",["app-pages-internals","static/chunks/app-pages-internals.js"],""]
1b:I["(app-pages-browser)/./node_modules/next/dist/client/components/render-from-template-context.js",["app-pages-internals","static/chunks/app-pages-internals.js"],""]
2c:I["(app-pages-browser)/./node_modules/next/dist/client/components/client-page.js",["app-pages-internals","static/chunks/app-pages-internals.js"],"ClientPageRoot"]
2d:I["(app-pages-browser)/./src/app/page.tsx",["app/page","static/chunks/app/page.js"],"default"]
2f:I["(app-pages-browser)/./node_modules/next/dist/lib/framework/boundary-components.js",["app-pages-internals","static/chunks/app-pages-internals.js"],"OutletBoundary"]
36:I["(app-pages-browser)/./node_modules/next/dist/client/components/metadata/async-metadata.js",["app-pages-internals","static/chunks/app-pages-internals.js"],"AsyncMetadataOutlet"]
3e:I["(app-pages-browser)/./node_modules/next/dist/lib/framework/boundary-components.js",["app-pages-internals","static/chunks/app-pages-internals.js"],"ViewportBoundary"]
44:I["(app-pages-browser)/./node_modules/next/dist/lib/framework/boundary-components.js",["app-pages-internals","static/chunks/app-pages-internals.js"],"MetadataBoundary"]
49:"$Sreact.suspense"
:N1771637250180.0781
1:[]
3:[]
5:[["Array.map","",0,0,0,0,false]]
8:I["(app-pages-browser)/./node_modules/next/dist/client/components/layout-router.js",["app-pages-internals","static/chunks/app-pages-internals.js"],""]
b:I["(app-pages-browser)/./node_modules/next/dist/client/components/render-from-template-context.js",["app-pages-internals","static/chunks/app-pages-internals.... [truncated]
2026-02-21T01:27:30.319Z [network][GET 200] /_next/static/webpack/c19cbb324abebc45.webpack.hot-update.json
  response: {"c":["app/layout","app/page","webpack"],"r":[],"m":[]}
2026-02-21T01:27:30.374Z [network][GET 200] 
  response: 2:I["(app-pages-browser)/./node_modules/next/dist/next-devtools/userspace/app/segment-explorer-node.js",["app-pages-internals","static/chunks/app-pages-internals.js"],"SegmentViewNode"]
4:"$Sreact.fragment"
17:I["(app-pages-browser)/./src/lib/store.tsx",["app/layout","static/chunks/app/layout.js"],"StoreProvider"]
19:I["(app-pages-browser)/./node_modules/next/dist/client/components/layout-router.js",["app-pages-internals","static/chunks/app-pages-internals.js"],""]
1b:I["(app-pages-browser)/./node_modules/next/dist/client/components/render-from-template-context.js",["app-pages-internals","static/chunks/app-pages-internals.js"],""]
2c:I["(app-pages-browser)/./node_modules/next/dist/client/components/client-page.js",["app-pages-internals","static/chunks/app-pages-internals.js"],"ClientPageRoot"]
2d:I["(app-pages-browser)/./src/app/page.tsx",["app/page","static/chunks/app/page.js"],"default"]
2f:I["(app-pages-browser)/./node_modules/next/dist/lib/framework/boundary-components.js",["app-pages-internals","static/chunks/app-pages-internals.js"],"OutletBoundary"]
36:I["(app-pages-browser)/./node_modules/next/dist/client/components/metadata/async-metadata.js",["app-pages-internals","static/chunks/app-pages-internals.js"],"AsyncMetadataOutlet"]
3e:I["(app-pages-browser)/./node_modules/next/dist/lib/framework/boundary-components.js",["app-pages-internals","static/chunks/app-pages-internals.js"],"ViewportBoundary"]
44:I["(app-pages-browser)/./node_modules/next/dist/lib/framework/boundary-components.js",["app-pages-internals","static/chunks/app-pages-internals.js"],"MetadataBoundary"]
49:"$Sreact.suspense"
:N1771637250352.7988
1:[]
3:[]
5:[["Array.map","",0,0,0,0,false]]
8:I["(app-pages-browser)/./node_modules/next/dist/client/components/layout-router.js",["app-pages-internals","static/chunks/app-pages-internals.js"],""]
b:I["(app-pages-browser)/./node_modules/next/dist/client/components/render-from-template-context.js",["app-pages-internals","static/chunks/app-pages-internals.... [truncated]
2026-02-21T01:27:30.639Z [network][GET 200] /_next/static/webpack/f97999d02051e32e.webpack.hot-update.json
  response: {"c":["app/layout","app/page","webpack"],"r":[],"m":[]}
2026-02-21T01:27:30.666Z [network][GET 200] 
  response: 2:I["(app-pages-browser)/./node_modules/next/dist/next-devtools/userspace/app/segment-explorer-node.js",["app-pages-internals","static/chunks/app-pages-internals.js"],"SegmentViewNode"]
4:"$Sreact.fragment"
17:I["(app-pages-browser)/./src/lib/store.tsx",["app/layout","static/chunks/app/layout.js"],"StoreProvider"]
19:I["(app-pages-browser)/./node_modules/next/dist/client/components/layout-router.js",["app-pages-internals","static/chunks/app-pages-internals.js"],""]
1b:I["(app-pages-browser)/./node_modules/next/dist/client/components/render-from-template-context.js",["app-pages-internals","static/chunks/app-pages-internals.js"],""]
2c:I["(app-pages-browser)/./node_modules/next/dist/client/components/client-page.js",["app-pages-internals","static/chunks/app-pages-internals.js"],"ClientPageRoot"]
2d:I["(app-pages-browser)/./src/app/page.tsx",["app/page","static/chunks/app/page.js"],"default"]
2f:I["(app-pages-browser)/./node_modules/next/dist/lib/framework/boundary-components.js",["app-pages-internals","static/chunks/app-pages-internals.js"],"OutletBoundary"]
36:I["(app-pages-browser)/./node_modules/next/dist/client/components/metadata/async-metadata.js",["app-pages-internals","static/chunks/app-pages-internals.js"],"AsyncMetadataOutlet"]
3e:I["(app-pages-browser)/./node_modules/next/dist/lib/framework/boundary-components.js",["app-pages-internals","static/chunks/app-pages-internals.js"],"ViewportBoundary"]
44:I["(app-pages-browser)/./node_modules/next/dist/lib/framework/boundary-components.js",["app-pages-internals","static/chunks/app-pages-internals.js"],"MetadataBoundary"]
49:"$Sreact.suspense"
:N1771637250657.6057
1:[]
3:[]
5:[["Array.map","",0,0,0,0,false]]
8:I["(app-pages-browser)/./node_modules/next/dist/client/components/layout-router.js",["app-pages-internals","static/chunks/app-pages-internals.js"],""]
b:I["(app-pages-browser)/./node_modules/next/dist/client/components/render-from-template-context.js",["app-pages-internals","static/chunks/app-pages-internals.... [truncated]
2026-02-21T01:27:30.701Z [network][GET 200] /_next/static/webpack/9deaefbd34500be8.webpack.hot-update.json
  response: {"c":["app/layout","webpack"],"r":[],"m":[]}
2026-02-21T01:27:30.892Z [network][GET 200] /_next/static/webpack/3b5ce310ff1299bc.webpack.hot-update.json
  response: {"c":["app/layout","app/page","webpack"],"r":[],"m":[]}
2026-02-21T01:27:31.341Z [network][GET 200] /_next/static/webpack/a16a5901de42ef74.webpack.hot-update.json
  response: {"c":["app/layout","webpack"],"r":[],"m":[]}
2026-02-21T01:29:41.555Z [network][GET 200] /_next/static/webpack/55ac66d742b53579.webpack.hot-update.json
  response: {"c":["app/layout","webpack"],"r":[],"m":[]}
2026-02-21T01:29:41.894Z [network][GET 200] /_next/static/webpack/ded5e558654ee7b4.webpack.hot-update.json
  response: {"c":["app/layout","webpack"],"r":[],"m":[]}
2026-02-21T01:30:53.575Z [network][GET 200] /_next/static/webpack/af8877386ff2ddd5.webpack.hot-update.json
  response: {"c":["app/layout","app/page","webpack"],"r":[],"m":[]}
2026-02-21T01:42:25.116Z [console][log] [Fast Refresh] rebuilding
2026-02-21T01:42:25.410Z [console][log] [Fast Refresh] done in 294ms
2026-02-21T01:42:25.427Z [console][debug] __ORCHIDS_NAVIGATE__ http://localhost:3000/
2026-02-21T01:42:25.540Z [console][log] [Fast Refresh] rebuilding
2026-02-21T01:42:25.649Z [console][log] [Fast Refresh] done in 109ms
2026-02-21T01:42:25.661Z [console][debug] __ORCHIDS_NAVIGATE__ http://localhost:3000/
2026-02-21T01:43:13.352Z [console][log] [Fast Refresh] rebuilding
2026-02-21T01:43:13.517Z [console][log] [Fast Refresh] done in 165ms
2026-02-21T01:43:13.530Z [console][debug] __ORCHIDS_NAVIGATE__ http://localhost:3000/
2026-02-21T01:43:13.777Z [console][log] [Fast Refresh] rebuilding
2026-02-21T01:43:13.853Z [console][log] [Fast Refresh] done in 76ms
2026-02-21T01:43:13.894Z [console][debug] __ORCHIDS_NAVIGATE__ http://localhost:3000/
2026-02-21T01:43:38.868Z [console][log] [Fast Refresh] rebuilding
2026-02-21T01:43:39.109Z [console][warn] [Fast Refresh] performing full reload

Fast Refresh will perform a full reload when you edit a file that's imported by modules outside of the React rendering tree.
You might have a file which exports a React component but also exports a value that is imported by a non-React component file.
Consider migrating the non-React component export to a separate file and importing it into both files.

It is also possible the parent component of the component you edited is a class component, which disables Fast Refresh.
Fast Refresh requires at least one parent function component in your React tree.
2026-02-21T01:43:39.169Z [console][log] [Fast Refresh] rebuilding
2026-02-21T01:43:39.236Z [console][log] [Fast Refresh] done in 67ms
2026-02-21T01:43:39.320Z [console][log] [Fast Refresh] rebuilding
2026-02-21T01:43:39.357Z [console][log] [Fast Refresh] done in 37ms
2026-02-21T01:43:39.472Z [console][log] [Fast Refresh] rebuilding
2026-02-21T01:43:39.543Z [console][log] [Fast Refresh] done in 71ms
2026-02-21T01:43:39.695Z [console][log] [Fast Refresh] rebuilding
2026-02-21T01:43:39.755Z [console][log] [Fast Refresh] done in 60ms
2026-02-21T01:43:39.944Z [console][log] [Fast Refresh] rebuilding
2026-02-21T01:43:40.019Z [console][log] [Fast Refresh] done in 75ms
2026-02-21T01:43:40.367Z [console][log] [Fast Refresh] rebuilding
2026-02-21T01:43:40.445Z [console][log] [Fast Refresh] done in 78ms
2026-02-21T01:44:16.054Z [console][log] [Fast Refresh] rebuilding
2026-02-21T01:44:16.166Z [console][log] [Fast Refresh] done in 112ms
2026-02-21T01:44:16.608Z [console][log] [Fast Refresh] rebuilding
2026-02-21T01:44:16.695Z [console][log] [Fast Refresh] done in 87ms
2026-02-21T01:46:18.212Z [console][log] [Fast Refresh] rebuilding
2026-02-21T01:46:18.365Z [console][log] [Fast Refresh] done in 153ms
2026-02-21T01:46:18.643Z [console][log] [Fast Refresh] rebuilding
2026-02-21T01:46:18.725Z [console][log] [Fast Refresh] done in 82ms
2026-02-21T01:46:25.520Z [console][log] [Fast Refresh] rebuilding
2026-02-21T01:46:25.600Z [console][log] [Fast Refresh] done in 80ms
2026-02-21T01:46:25.954Z [console][log] [Fast Refresh] rebuilding
2026-02-21T01:46:26.035Z [console][log] [Fast Refresh] done in 81ms
2026-02-21T01:46:48.928Z [console][log] [Fast Refresh] rebuilding
2026-02-21T01:46:48.963Z [console][log] [Fast Refresh] done in 35ms
2026-02-21T01:46:55.429Z [console][log] [Fast Refresh] rebuilding
2026-02-21T01:46:55.608Z [console][log] [Fast Refresh] done in 178ms
2026-02-21T01:46:55.865Z [console][log] [Fast Refresh] rebuilding
2026-02-21T01:46:55.937Z [console][log] [Fast Refresh] done in 73ms
2026-02-21T01:47:27.342Z [console][log] [Fast Refresh] rebuilding
2026-02-21T01:47:27.469Z [console][log] [Fast Refresh] done in 127ms
2026-02-21T01:47:27.785Z [console][log] [Fast Refresh] rebuilding
2026-02-21T01:47:27.860Z [console][log] [Fast Refresh] done in 75ms
2026-02-21T01:48:01.793Z [console][log] [Fast Refresh] rebuilding
2026-02-21T01:48:01.829Z [console][log] [Fast Refresh] done in 36ms
2026-02-21T01:42:25.350Z [network][GET 200] /_next/static/webpack/8ab363893aff565a.webpack.hot-update.json
  response: {"c":["app/layout","app/page","webpack"],"r":[],"m":[]}
2026-02-21T01:42:25.400Z [network][GET 200] 
  response: 2:I["(app-pages-browser)/./node_modules/next/dist/next-devtools/userspace/app/segment-explorer-node.js",["app-pages-internals","static/chunks/app-pages-internals.js"],"SegmentViewNode"]
4:"$Sreact.fragment"
17:I["(app-pages-browser)/./src/lib/store.tsx",["app/layout","static/chunks/app/layout.js"],"StoreProvider"]
19:I["(app-pages-browser)/./node_modules/next/dist/client/components/layout-router.js",["app-pages-internals","static/chunks/app-pages-internals.js"],""]
1b:I["(app-pages-browser)/./node_modules/next/dist/client/components/render-from-template-context.js",["app-pages-internals","static/chunks/app-pages-internals.js"],""]
2c:I["(app-pages-browser)/./node_modules/next/dist/client/components/client-page.js",["app-pages-internals","static/chunks/app-pages-internals.js"],"ClientPageRoot"]
2d:I["(app-pages-browser)/./src/app/page.tsx",["app/page","static/chunks/app/page.js"],"default"]
2f:I["(app-pages-browser)/./node_modules/next/dist/lib/framework/boundary-components.js",["app-pages-internals","static/chunks/app-pages-internals.js"],"OutletBoundary"]
36:I["(app-pages-browser)/./node_modules/next/dist/client/components/metadata/async-metadata.js",["app-pages-internals","static/chunks/app-pages-internals.js"],"AsyncMetadataOutlet"]
3e:I["(app-pages-browser)/./node_modules/next/dist/lib/framework/boundary-components.js",["app-pages-internals","static/chunks/app-pages-internals.js"],"ViewportBoundary"]
44:I["(app-pages-browser)/./node_modules/next/dist/lib/framework/boundary-components.js",["app-pages-internals","static/chunks/app-pages-internals.js"],"MetadataBoundary"]
49:"$Sreact.suspense"
:N1771638145385.6387
1:[]
3:[]
5:[["Array.map","",0,0,0,0,false]]
8:I["(app-pages-browser)/./node_modules/next/dist/client/components/layout-router.js",["app-pages-internals","static/chunks/app-pages-internals.js"],""]
b:I["(app-pages-browser)/./node_modules/next/dist/client/components/render-from-template-context.js",["app-pages-internals","static/chunks/app-pages-internals.... [truncated]
2026-02-21T01:42:25.623Z [network][GET 200] /_next/static/webpack/ee9184b24b4932e9.webpack.hot-update.json
  response: {"c":["app/layout","webpack"],"r":[],"m":[]}
2026-02-21T01:42:25.656Z [network][GET 200] 
  response: 2:I["(app-pages-browser)/./node_modules/next/dist/next-devtools/userspace/app/segment-explorer-node.js",["app-pages-internals","static/chunks/app-pages-internals.js"],"SegmentViewNode"]
4:"$Sreact.fragment"
17:I["(app-pages-browser)/./src/lib/store.tsx",["app/layout","static/chunks/app/layout.js"],"StoreProvider"]
19:I["(app-pages-browser)/./node_modules/next/dist/client/components/layout-router.js",["app-pages-internals","static/chunks/app-pages-internals.js"],""]
1b:I["(app-pages-browser)/./node_modules/next/dist/client/components/render-from-template-context.js",["app-pages-internals","static/chunks/app-pages-internals.js"],""]
2c:I["(app-pages-browser)/./node_modules/next/dist/client/components/client-page.js",["app-pages-internals","static/chunks/app-pages-internals.js"],"ClientPageRoot"]
2d:I["(app-pages-browser)/./src/app/page.tsx",["app/page","static/chunks/app/page.js"],"default"]
2f:I["(app-pages-browser)/./node_modules/next/dist/lib/framework/boundary-components.js",["app-pages-internals","static/chunks/app-pages-internals.js"],"OutletBoundary"]
36:I["(app-pages-browser)/./node_modules/next/dist/client/components/metadata/async-metadata.js",["app-pages-internals","static/chunks/app-pages-internals.js"],"AsyncMetadataOutlet"]
3e:I["(app-pages-browser)/./node_modules/next/dist/lib/framework/boundary-components.js",["app-pages-internals","static/chunks/app-pages-internals.js"],"ViewportBoundary"]
44:I["(app-pages-browser)/./node_modules/next/dist/lib/framework/boundary-components.js",["app-pages-internals","static/chunks/app-pages-internals.js"],"MetadataBoundary"]
49:"$Sreact.suspense"
:N1771638145641.11
1:[]
3:[]
5:[["Array.map","",0,0,0,0,false]]
8:I["(app-pages-browser)/./node_modules/next/dist/client/components/layout-router.js",["app-pages-internals","static/chunks/app-pages-internals.js"],""]
b:I["(app-pages-browser)/./node_modules/next/dist/client/components/render-from-template-context.js",["app-pages-internals","static/chunks/app-pages-internals.js... [truncated]
2026-02-21T01:43:13.479Z [network][GET 200] /_next/static/webpack/39eae06e02fa6987.webpack.hot-update.json
  response: {"c":["app/layout","app/page","webpack"],"r":[],"m":[]}
2026-02-21T01:43:13.524Z [network][GET 200] 
  response: 2:I["(app-pages-browser)/./node_modules/next/dist/next-devtools/userspace/app/segment-explorer-node.js",["app-pages-internals","static/chunks/app-pages-internals.js"],"SegmentViewNode"]
4:"$Sreact.fragment"
17:I["(app-pages-browser)/./src/lib/store.tsx",["app/layout","static/chunks/app/layout.js"],"StoreProvider"]
19:I["(app-pages-browser)/./node_modules/next/dist/client/components/layout-router.js",["app-pages-internals","static/chunks/app-pages-internals.js"],""]
1b:I["(app-pages-browser)/./node_modules/next/dist/client/components/render-from-template-context.js",["app-pages-internals","static/chunks/app-pages-internals.js"],""]
2c:I["(app-pages-browser)/./node_modules/next/dist/client/components/client-page.js",["app-pages-internals","static/chunks/app-pages-internals.js"],"ClientPageRoot"]
2d:I["(app-pages-browser)/./src/app/page.tsx",["app/page","static/chunks/app/page.js"],"default"]
2f:I["(app-pages-browser)/./node_modules/next/dist/lib/framework/boundary-components.js",["app-pages-internals","static/chunks/app-pages-internals.js"],"OutletBoundary"]
36:I["(app-pages-browser)/./node_modules/next/dist/client/components/metadata/async-metadata.js",["app-pages-internals","static/chunks/app-pages-internals.js"],"AsyncMetadataOutlet"]
3e:I["(app-pages-browser)/./node_modules/next/dist/lib/framework/boundary-components.js",["app-pages-internals","static/chunks/app-pages-internals.js"],"ViewportBoundary"]
44:I["(app-pages-browser)/./node_modules/next/dist/lib/framework/boundary-components.js",["app-pages-internals","static/chunks/app-pages-internals.js"],"MetadataBoundary"]
49:"$Sreact.suspense"
:N1771638193499.3506
1:[]
3:[]
5:[["Array.map","",0,0,0,0,false]]
8:I["(app-pages-browser)/./node_modules/next/dist/client/components/layout-router.js",["app-pages-internals","static/chunks/app-pages-internals.js"],""]
b:I["(app-pages-browser)/./node_modules/next/dist/client/components/render-from-template-context.js",["app-pages-internals","static/chunks/app-pages-internals.... [truncated]
2026-02-21T01:43:13.851Z [network][GET 200] /_next/static/webpack/fb5383824e969c3f.webpack.hot-update.json
  response: {"c":["app/layout","webpack"],"r":[],"m":[]}
2026-02-21T01:43:13.882Z [network][GET 200] 
  response: 2:I["(app-pages-browser)/./node_modules/next/dist/next-devtools/userspace/app/segment-explorer-node.js",["app-pages-internals","static/chunks/app-pages-internals.js"],"SegmentViewNode"]
4:"$Sreact.fragment"
17:I["(app-pages-browser)/./src/lib/store.tsx",["app/layout","static/chunks/app/layout.js"],"StoreProvider"]
19:I["(app-pages-browser)/./node_modules/next/dist/client/components/layout-router.js",["app-pages-internals","static/chunks/app-pages-internals.js"],""]
1b:I["(app-pages-browser)/./node_modules/next/dist/client/components/render-from-template-context.js",["app-pages-internals","static/chunks/app-pages-internals.js"],""]
2c:I["(app-pages-browser)/./node_modules/next/dist/client/components/client-page.js",["app-pages-internals","static/chunks/app-pages-internals.js"],"ClientPageRoot"]
2d:I["(app-pages-browser)/./src/app/page.tsx",["app/page","static/chunks/app/page.js"],"default"]
2f:I["(app-pages-browser)/./node_modules/next/dist/lib/framework/boundary-components.js",["app-pages-internals","static/chunks/app-pages-internals.js"],"OutletBoundary"]
36:I["(app-pages-browser)/./node_modules/next/dist/client/components/metadata/async-metadata.js",["app-pages-internals","static/chunks/app-pages-internals.js"],"AsyncMetadataOutlet"]
3e:I["(app-pages-browser)/./node_modules/next/dist/lib/framework/boundary-components.js",["app-pages-internals","static/chunks/app-pages-internals.js"],"ViewportBoundary"]
44:I["(app-pages-browser)/./node_modules/next/dist/lib/framework/boundary-components.js",["app-pages-internals","static/chunks/app-pages-internals.js"],"MetadataBoundary"]
49:"$Sreact.suspense"
:N1771638193869.1438
1:[]
3:[]
5:[["Array.map","",0,0,0,0,false]]
8:I["(app-pages-browser)/./node_modules/next/dist/client/components/layout-router.js",["app-pages-internals","static/chunks/app-pages-internals.js"],""]
b:I["(app-pages-browser)/./node_modules/next/dist/client/components/render-from-template-context.js",["app-pages-internals","static/chunks/app-pages-internals.... [truncated]
2026-02-21T01:43:39.081Z [network][GET 200] /_next/static/webpack/17de985b2518ab09.webpack.hot-update.json
  response: {"c":["app/layout","app/page","webpack"],"r":[],"m":[]}
2026-02-21T01:43:39.110Z [network][GET 200] 
  response: 2:I["(app-pages-browser)/./node_modules/next/dist/next-devtools/userspace/app/segment-explorer-node.js",["app-pages-internals","static/chunks/app-pages-internals.js"],"SegmentViewNode"]
4:"$Sreact.fragment"
17:I["(app-pages-browser)/./src/lib/store.tsx",["app/layout","static/chunks/app/layout.js"],"StoreProvider"]
19:I["(app-pages-browser)/./node_modules/next/dist/client/components/layout-router.js",["app-pages-internals","static/chunks/app-pages-internals.js"],""]
1b:I["(app-pages-browser)/./node_modules/next/dist/client/components/render-from-template-context.js",["app-pages-internals","static/chunks/app-pages-internals.js"],""]
2c:I["(app-pages-browser)/./node_modules/next/dist/client/components/client-page.js",["app-pages-internals","static/chunks/app-pages-internals.js"],"ClientPageRoot"]
2d:I["(app-pages-browser)/./src/app/page.tsx",["app/page","static/chunks/app/page.js"],"default"]
2f:I["(app-pages-browser)/./node_modules/next/dist/lib/framework/boundary-components.js",["app-pages-internals","static/chunks/app-pages-internals.js"],"OutletBoundary"]
36:I["(app-pages-browser)/./node_modules/next/dist/client/components/metadata/async-metadata.js",["app-pages-internals","static/chunks/app-pages-internals.js"],"AsyncMetadataOutlet"]
3e:I["(app-pages-browser)/./node_modules/next/dist/lib/framework/boundary-components.js",["app-pages-internals","static/chunks/app-pages-internals.js"],"ViewportBoundary"]
44:I["(app-pages-browser)/./node_modules/next/dist/lib/framework/boundary-components.js",["app-pages-internals","static/chunks/app-pages-internals.js"],"MetadataBoundary"]
49:"$Sreact.suspense"
:N1771638219100.829
1:[]
3:[]
5:[["Array.map","",0,0,0,0,false]]
8:I["(app-pages-browser)/./node_modules/next/dist/client/components/layout-router.js",["app-pages-internals","static/chunks/app-pages-internals.js"],""]
b:I["(app-pages-browser)/./node_modules/next/dist/client/components/render-from-template-context.js",["app-pages-internals","static/chunks/app-pages-internals.j... [truncated]
2026-02-21T01:43:39.109Z [console][error] [Fast Refresh] performing full reload

Fast Refresh will perform a full reload when you edit a file that's imported by modules outside of the React rendering tree.
You might have a file which exports a React component but also exports a value that is imported by a non-React component file.
Consider migrating the non-React component export to a separate file and importing it into both files.

It is also possible the parent component of the component you edited is a class component, which disables Fast Refresh.
Fast Refresh requires at least one parent function component in your React tree.
